0: rule 90
1: rule 30
2: rule 150
3: rule 110
rule: 2
generations: 50
                                 #                                
                                ###                               
                               # # #                              
                              ## # ##                             
                             #   #   #                            
                            ### ### ###                           
                           # #   #   # #                          
                          ## ## ### ## ##                         
                         #       #       #                        
                        ###     ###     ###                       
                       # # #   # # #   # # #                      
                      ## # ## ## # ## ## # ##                     
                     #   #       #       #   #                    
                    ### ###     ###     ### ###                   
                   # #   # #   # # #   # #   # #                  
                  ## ## ## ## ## # ## ## ## ## ##                 
                 #               #               #                
                ###             ###             ###               
               # # #           # # #           # # #              
              ## # ##         ## # ##         ## # ##             
             #   #   #       #   #   #       #   #   #            
            ### ### ###     ### ### ###     ### ### ###           
           # #   #   # #   # #   #   # #   # #   #   # #          
          ## ## ### ## ## ## ## ### ## ## ## ## ### ## ##         
         #       #               #               #       #        
        ###     ###             ###             ###     ###       
       # # #   # # #           # # #           # # #   # # #      
      ## # ## ## # ##         ## # ##         ## # ## ## # ##     
     #   #       #   #       #   #   #       #   #       #   #    
    ### ###     ### ###     ### ### ###     ### ###     ### ###   
   # #   # #   # #   # #   # #   #   # #   # #   # #   # #   # #  
  ## ## ## ## ## ## ## ## ## ## ### ## ## ## ## ## ## ## ## ## ## 
 #                               #                               #
###                             ###                             ##
 # #                           # # #                           # #
## ##                         ## # ##                         ## #
     #                       #   #   #                       #    
    ###                     ### ### ###                     ###   
   # # #                   # #   #   # #                   # # #  
  ## # ##                 ## ## ### ## ##                 ## # ## 
 #   #   #               #       #       #               #   #   #
### ### ###             ###     ###     ###             ### ### ##
 #   #   # #           # # #   # # #   # # #           # #   #   #
### ### ## ##         ## # ## ## # ## ## # ##         ## ## ### ##
 #   #       #       #   #       #       #   #       #       #   #
### ###     ###     ### ###     ###     ### ###     ###     ### ##
 #   # #   # # #   # #   # #   # # #   # #   # #   # # #   # #   #
### ## ## ## # ## ## ## ## ## ## # ## ## ## ## ## ## # ## ## ## ##
 #           #                   #                   #           #
###         ###                 ###                 ###         ##
